2018-04-02 17:21:01 - Host:  - FATAL - [ErrorException] E_PARSE
syntax error, unexpected '[' (0)
/home/e/englishfl/office/public_html/bitrix/modules/main/lib/httprequest.php:387
----------
2018-04-02 17:22:01 - Host:  - FATAL - [ErrorException] E_PARSE
syntax error, unexpected '[' (0)
/home/e/englishfl/office/public_html/bitrix/modules/main/lib/httprequest.php:387
----------
2018-04-02 17:23:01 - Host:  - FATAL - [ErrorException] E_PARSE
syntax error, unexpected '[' (0)
/home/e/englishfl/office/public_html/bitrix/modules/main/lib/httprequest.php:387
----------
2018-04-02 17:24:01 - Host:  - FATAL - [ErrorException] E_PARSE
syntax error, unexpected '[' (0)
/home/e/englishfl/office/public_html/bitrix/modules/main/lib/httprequest.php:387
----------
2018-04-02 17:25:01 - Host:  - FATAL - [ErrorException] E_PARSE
syntax error, unexpected '[' (0)
/home/e/englishfl/office/public_html/bitrix/modules/main/lib/httprequest.php:387
----------
2018-04-02 17:26:01 - Host:  - FATAL - [ErrorException] E_PARSE
syntax error, unexpected '[' (0)
/home/e/englishfl/office/public_html/bitrix/modules/main/lib/httprequest.php:387
----------
2018-04-02 17:27:01 - Host:  - FATAL - [ErrorException] E_PARSE
syntax error, unexpected '[' (0)
/home/e/englishfl/office/public_html/bitrix/modules/main/lib/httprequest.php:387
----------
2018-04-02 17:28:01 - Host:  - FATAL - [ErrorException] E_PARSE
syntax error, unexpected '[' (0)
/home/e/englishfl/office/public_html/bitrix/modules/main/lib/httprequest.php:387
----------
2018-04-02 17:29:01 - Host:  - FATAL - [ErrorException] E_PARSE
syntax error, unexpected '[' (0)
/home/e/englishfl/office/public_html/bitrix/modules/main/lib/httprequest.php:387
----------
2018-04-02 17:30:01 - Host:  - FATAL - [ErrorException] E_PARSE
syntax error, unexpected '[' (0)
/home/e/englishfl/office/public_html/bitrix/modules/main/lib/httprequest.php:387
----------
2018-04-02 17:31:01 - Host:  - FATAL - [ErrorException] E_PARSE
syntax error, unexpected '[' (0)
/home/e/englishfl/office/public_html/bitrix/modules/main/lib/httprequest.php:387
----------
2018-04-02 17:32:01 - Host:  - FATAL - [ErrorException] E_PARSE
syntax error, unexpected '[' (0)
/home/e/englishfl/office/public_html/bitrix/modules/main/lib/httprequest.php:387
----------
2018-04-02 17:33:01 - Host:  - FATAL - [ErrorException] E_PARSE
syntax error, unexpected '[' (0)
/home/e/englishfl/office/public_html/bitrix/modules/main/lib/httprequest.php:387
----------
2018-04-02 17:34:01 - Host:  - FATAL - [ErrorException] E_PARSE
syntax error, unexpected '[' (0)
/home/e/englishfl/office/public_html/bitrix/modules/main/lib/httprequest.php:387
----------
2018-04-02 17:35:02 - Host:  - FATAL - [ErrorException] E_PARSE
syntax error, unexpected '[' (0)
/home/e/englishfl/office/public_html/bitrix/modules/main/lib/httprequest.php:387
----------
2018-04-02 17:36:01 - Host:  - FATAL - [ErrorException] E_PARSE
syntax error, unexpected '[' (0)
/home/e/englishfl/office/public_html/bitrix/modules/main/lib/httprequest.php:387
----------
2018-04-02 17:37:01 - Host:  - FATAL - [ErrorException] E_PARSE
syntax error, unexpected '[' (0)
/home/e/englishfl/office/public_html/bitrix/modules/main/lib/httprequest.php:387
----------
2018-04-02 17:38:01 - Host:  - FATAL - [ErrorException] E_PARSE
syntax error, unexpected '[' (0)
/home/e/englishfl/office/public_html/bitrix/modules/main/lib/httprequest.php:387
----------
2018-04-02 17:39:01 - Host:  - FATAL - [ErrorException] E_PARSE
syntax error, unexpected '[' (0)
/home/e/englishfl/office/public_html/bitrix/modules/main/lib/httprequest.php:387
----------
2018-04-02 17:40:02 - Host:  - FATAL - [ErrorException] E_PARSE
syntax error, unexpected '[' (0)
/home/e/englishfl/office/public_html/bitrix/modules/main/lib/httprequest.php:387
----------
2018-04-02 17:41:01 - Host:  - FATAL - [ErrorException] E_PARSE
syntax error, unexpected '[' (0)
/home/e/englishfl/office/public_html/bitrix/modules/main/lib/httprequest.php:387
----------
2018-04-02 17:42:01 - Host:  - FATAL - [ErrorException] E_PARSE
syntax error, unexpected '[' (0)
/home/e/englishfl/office/public_html/bitrix/modules/main/lib/httprequest.php:387
----------
2018-04-02 17:43:02 - Host:  - FATAL - [ErrorException] E_PARSE
syntax error, unexpected '[' (0)
/home/e/englishfl/office/public_html/bitrix/modules/main/lib/httprequest.php:387
----------
2018-04-02 17:44:01 - Host:  - FATAL - [ErrorException] E_PARSE
syntax error, unexpected '[' (0)
/home/e/englishfl/office/public_html/bitrix/modules/main/lib/httprequest.php:387
----------
2018-04-02 17:45:01 - Host:  - FATAL - [ErrorException] E_PARSE
syntax error, unexpected '[' (0)
/home/e/englishfl/office/public_html/bitrix/modules/main/lib/httprequest.php:387
----------
2018-04-02 17:46:01 - Host:  - FATAL - [ErrorException] E_PARSE
syntax error, unexpected '[' (0)
/home/e/englishfl/office/public_html/bitrix/modules/main/lib/httprequest.php:387
----------
2018-04-02 17:47:01 - Host:  - FATAL - [ErrorException] E_PARSE
syntax error, unexpected '[' (0)
/home/e/englishfl/office/public_html/bitrix/modules/main/lib/httprequest.php:387
----------
2018-04-02 17:48:01 - Host:  - FATAL - [ErrorException] E_PARSE
syntax error, unexpected '[' (0)
/home/e/englishfl/office/public_html/bitrix/modules/main/lib/httprequest.php:387
----------
2018-04-02 17:49:01 - Host:  - FATAL - [ErrorException] E_PARSE
syntax error, unexpected '[' (0)
/home/e/englishfl/office/public_html/bitrix/modules/main/lib/httprequest.php:387
----------
2018-04-02 17:50:01 - Host:  - FATAL - [ErrorException] E_PARSE
syntax error, unexpected '[' (0)
/home/e/englishfl/office/public_html/bitrix/modules/main/lib/httprequest.php:387
----------
2018-04-02 17:51:01 - Host:  - FATAL - [ErrorException] E_PARSE
syntax error, unexpected '[' (0)
/home/e/englishfl/office/public_html/bitrix/modules/main/lib/httprequest.php:387
----------
2018-04-02 17:52:01 - Host:  - FATAL - [ErrorException] E_PARSE
syntax error, unexpected '[' (0)
/home/e/englishfl/office/public_html/bitrix/modules/main/lib/httprequest.php:387
----------
2018-04-02 17:53:01 - Host:  - FATAL - [ErrorException] E_PARSE
syntax error, unexpected '[' (0)
/home/e/englishfl/office/public_html/bitrix/modules/main/lib/httprequest.php:387
----------
2018-04-02 17:54:01 - Host:  - FATAL - [ErrorException] E_PARSE
syntax error, unexpected '[' (0)
/home/e/englishfl/office/public_html/bitrix/modules/main/lib/httprequest.php:387
----------
2018-04-02 17:55:01 - Host:  - FATAL - [ErrorException] E_PARSE
syntax error, unexpected '[' (0)
/home/e/englishfl/office/public_html/bitrix/modules/main/lib/httprequest.php:387
----------
2018-04-02 17:56:01 - Host:  - FATAL - [ErrorException] E_PARSE
syntax error, unexpected '[' (0)
/home/e/englishfl/office/public_html/bitrix/modules/main/lib/httprequest.php:387
----------
2018-04-02 17:57:01 - Host:  - FATAL - [ErrorException] E_PARSE
syntax error, unexpected '[' (0)
/home/e/englishfl/office/public_html/bitrix/modules/main/lib/httprequest.php:387
----------
2018-04-02 17:58:01 - Host:  - FATAL - [ErrorException] E_PARSE
syntax error, unexpected '[' (0)
/home/e/englishfl/office/public_html/bitrix/modules/main/lib/httprequest.php:387
----------
2018-04-02 17:59:01 - Host:  - FATAL - [ErrorException] E_PARSE
syntax error, unexpected '[' (0)
/home/e/englishfl/office/public_html/bitrix/modules/main/lib/httprequest.php:387
----------
2018-04-02 18:00:01 - Host:  - FATAL - [ErrorException] E_PARSE
syntax error, unexpected '[' (0)
/home/e/englishfl/office/public_html/bitrix/modules/main/lib/httprequest.php:387
----------
2018-04-02 18:01:01 - Host:  - FATAL - [ErrorException] E_PARSE
syntax error, unexpected '[' (0)
/home/e/englishfl/office/public_html/bitrix/modules/main/lib/httprequest.php:387
----------
2018-04-02 18:02:01 - Host:  - FATAL - [ErrorException] E_PARSE
syntax error, unexpected '[' (0)
/home/e/englishfl/office/public_html/bitrix/modules/main/lib/httprequest.php:387
----------
2018-04-02 18:03:01 - Host:  - FATAL - [ErrorException] E_PARSE
syntax error, unexpected '[' (0)
/home/e/englishfl/office/public_html/bitrix/modules/main/lib/httprequest.php:387
----------
2018-04-02 18:04:01 - Host:  - FATAL - [ErrorException] E_PARSE
syntax error, unexpected '[' (0)
/home/e/englishfl/office/public_html/bitrix/modules/main/lib/httprequest.php:387
----------
2018-04-02 18:05:02 - Host:  - FATAL - [ErrorException] E_PARSE
syntax error, unexpected '[' (0)
/home/e/englishfl/office/public_html/bitrix/modules/main/lib/httprequest.php:387
----------
2018-04-02 18:06:01 - Host:  - FATAL - [ErrorException] E_PARSE
syntax error, unexpected '[' (0)
/home/e/englishfl/office/public_html/bitrix/modules/main/lib/httprequest.php:387
----------
2018-04-02 18:07:01 - Host:  - FATAL - [ErrorException] E_PARSE
syntax error, unexpected '[' (0)
/home/e/englishfl/office/public_html/bitrix/modules/main/lib/httprequest.php:387
----------
2018-04-02 18:08:01 - Host:  - FATAL - [ErrorException] E_PARSE
syntax error, unexpected '[' (0)
/home/e/englishfl/office/public_html/bitrix/modules/main/lib/httprequest.php:387
----------
2018-04-02 18:09:01 - Host:  - FATAL - [ErrorException] E_PARSE
syntax error, unexpected '[' (0)
/home/e/englishfl/office/public_html/bitrix/modules/main/lib/httprequest.php:387
----------
2018-04-02 18:10:01 - Host:  - FATAL - [ErrorException] E_PARSE
syntax error, unexpected '[' (0)
/home/e/englishfl/office/public_html/bitrix/modules/main/lib/httprequest.php:387
----------
2018-04-02 18:11:01 - Host:  - FATAL - [ErrorException] E_PARSE
syntax error, unexpected '[' (0)
/home/e/englishfl/office/public_html/bitrix/modules/main/lib/httprequest.php:387
----------
2018-04-02 18:12:01 - Host:  - FATAL - [ErrorException] E_PARSE
syntax error, unexpected '[' (0)
/home/e/englishfl/office/public_html/bitrix/modules/main/lib/httprequest.php:387
----------
2018-04-02 18:13:01 - Host:  - FATAL - [ErrorException] E_PARSE
syntax error, unexpected '[' (0)
/home/e/englishfl/office/public_html/bitrix/modules/main/lib/httprequest.php:387
----------
2018-04-02 18:14:02 - Host:  - FATAL - [ErrorException] E_PARSE
syntax error, unexpected '[' (0)
/home/e/englishfl/office/public_html/bitrix/modules/main/lib/httprequest.php:387
----------
2018-04-02 18:15:01 - Host:  - FATAL - [ErrorException] E_PARSE
syntax error, unexpected '[' (0)
/home/e/englishfl/office/public_html/bitrix/modules/main/lib/httprequest.php:387
----------
2018-04-02 18:16:01 - Host:  - FATAL - [ErrorException] E_PARSE
syntax error, unexpected '[' (0)
/home/e/englishfl/office/public_html/bitrix/modules/main/lib/httprequest.php:387
----------
2018-04-02 18:17:01 - Host:  - FATAL - [ErrorException] E_PARSE
syntax error, unexpected '[' (0)
/home/e/englishfl/office/public_html/bitrix/modules/main/lib/httprequest.php:387
----------
2018-04-02 18:18:01 - Host:  - FATAL - [ErrorException] E_PARSE
syntax error, unexpected '[' (0)
/home/e/englishfl/office/public_html/bitrix/modules/main/lib/httprequest.php:387
----------
2018-04-02 18:19:01 - Host:  - FATAL - [ErrorException] E_PARSE
syntax error, unexpected '[' (0)
/home/e/englishfl/office/public_html/bitrix/modules/main/lib/httprequest.php:387
----------
2018-04-02 18:20:01 - Host:  - FATAL - [ErrorException] E_PARSE
syntax error, unexpected '[' (0)
/home/e/englishfl/office/public_html/bitrix/modules/main/lib/httprequest.php:387
----------
2018-04-02 18:21:02 - Host:  - FATAL - [ErrorException] E_PARSE
syntax error, unexpected '[' (0)
/home/e/englishfl/office/public_html/bitrix/modules/main/lib/httprequest.php:387
----------
2018-04-02 18:22:01 - Host:  - FATAL - [ErrorException] E_PARSE
syntax error, unexpected '[' (0)
/home/e/englishfl/office/public_html/bitrix/modules/main/lib/httprequest.php:387
----------
2018-04-02 18:23:01 - Host:  - FATAL - [ErrorException] E_PARSE
syntax error, unexpected '[' (0)
/home/e/englishfl/office/public_html/bitrix/modules/main/lib/httprequest.php:387
----------
2018-04-02 18:24:01 - Host:  - FATAL - [ErrorException] E_PARSE
syntax error, unexpected '[' (0)
/home/e/englishfl/office/public_html/bitrix/modules/main/lib/httprequest.php:387
----------
2018-04-02 18:25:01 - Host:  - FATAL - [ErrorException] E_PARSE
syntax error, unexpected '[' (0)
/home/e/englishfl/office/public_html/bitrix/modules/main/lib/httprequest.php:387
----------
2018-04-02 18:26:01 - Host:  - FATAL - [ErrorException] E_PARSE
syntax error, unexpected '[' (0)
/home/e/englishfl/office/public_html/bitrix/modules/main/lib/httprequest.php:387
----------
2018-04-02 18:27:01 - Host:  - FATAL - [ErrorException] E_PARSE
syntax error, unexpected '[' (0)
/home/e/englishfl/office/public_html/bitrix/modules/main/lib/httprequest.php:387
----------
2018-04-02 18:28:01 - Host:  - FATAL - [ErrorException] E_PARSE
syntax error, unexpected '[' (0)
/home/e/englishfl/office/public_html/bitrix/modules/main/lib/httprequest.php:387
----------
2018-04-02 18:29:01 - Host:  - FATAL - [ErrorException] E_PARSE
syntax error, unexpected '[' (0)
/home/e/englishfl/office/public_html/bitrix/modules/main/lib/httprequest.php:387
----------
2018-04-02 18:30:01 - Host:  - FATAL - [ErrorException] E_PARSE
syntax error, unexpected '[' (0)
/home/e/englishfl/office/public_html/bitrix/modules/main/lib/httprequest.php:387
----------
2018-04-02 18:31:01 - Host:  - FATAL - [ErrorException] E_PARSE
syntax error, unexpected '[' (0)
/home/e/englishfl/office/public_html/bitrix/modules/main/lib/httprequest.php:387
----------
2018-04-02 18:32:01 - Host:  - FATAL - [ErrorException] E_PARSE
syntax error, unexpected '[' (0)
/home/e/englishfl/office/public_html/bitrix/modules/main/lib/httprequest.php:387
----------
2018-04-02 18:33:01 - Host:  - FATAL - [ErrorException] E_PARSE
syntax error, unexpected '[' (0)
/home/e/englishfl/office/public_html/bitrix/modules/main/lib/httprequest.php:387
----------
2018-04-02 18:34:01 - Host:  - FATAL - [ErrorException] E_PARSE
syntax error, unexpected '[' (0)
/home/e/englishfl/office/public_html/bitrix/modules/main/lib/httprequest.php:387
----------
2018-04-02 18:35:01 - Host:  - FATAL - [ErrorException] E_PARSE
syntax error, unexpected '[' (0)
/home/e/englishfl/office/public_html/bitrix/modules/main/lib/httprequest.php:387
----------
2018-04-02 18:36:01 - Host:  - FATAL - [ErrorException] E_PARSE
syntax error, unexpected '[' (0)
/home/e/englishfl/office/public_html/bitrix/modules/main/lib/httprequest.php:387
----------
2018-04-02 18:37:01 - Host:  - FATAL - [ErrorException] E_PARSE
syntax error, unexpected '[' (0)
/home/e/englishfl/office/public_html/bitrix/modules/main/lib/httprequest.php:387
----------
2018-04-02 18:38:01 - Host:  - FATAL - [ErrorException] E_PARSE
syntax error, unexpected '[' (0)
/home/e/englishfl/office/public_html/bitrix/modules/main/lib/httprequest.php:387
----------
2018-04-02 18:39:01 - Host:  - FATAL - [ErrorException] E_PARSE
syntax error, unexpected '[' (0)
/home/e/englishfl/office/public_html/bitrix/modules/main/lib/httprequest.php:387
----------
2018-04-02 18:40:01 - Host:  - FATAL - [ErrorException] E_PARSE
syntax error, unexpected '[' (0)
/home/e/englishfl/office/public_html/bitrix/modules/main/lib/httprequest.php:387
----------
2018-04-02 18:41:01 - Host:  - FATAL - [ErrorException] E_PARSE
syntax error, unexpected '[' (0)
/home/e/englishfl/office/public_html/bitrix/modules/main/lib/httprequest.php:387
----------
2018-04-02 18:42:01 - Host:  - FATAL - [ErrorException] E_PARSE
syntax error, unexpected '[' (0)
/home/e/englishfl/office/public_html/bitrix/modules/main/lib/httprequest.php:387
----------
2018-04-02 18:43:02 - Host:  - FATAL - [ErrorException] E_PARSE
syntax error, unexpected '[' (0)
/home/e/englishfl/office/public_html/bitrix/modules/main/lib/httprequest.php:387
----------
2018-04-02 18:44:01 - Host:  - FATAL - [ErrorException] E_PARSE
syntax error, unexpected '[' (0)
/home/e/englishfl/office/public_html/bitrix/modules/main/lib/httprequest.php:387
----------
2018-04-02 18:45:02 - Host:  - FATAL - [ErrorException] E_PARSE
syntax error, unexpected '[' (0)
/home/e/englishfl/office/public_html/bitrix/modules/main/lib/httprequest.php:387
----------
2018-04-02 18:46:01 - Host:  - FATAL - [ErrorException] E_PARSE
syntax error, unexpected '[' (0)
/home/e/englishfl/office/public_html/bitrix/modules/main/lib/httprequest.php:387
----------
2018-04-02 18:47:02 - Host:  - FATAL - [ErrorException] E_PARSE
syntax error, unexpected '[' (0)
/home/e/englishfl/office/public_html/bitrix/modules/main/lib/httprequest.php:387
----------
2018-04-02 18:48:01 - Host:  - FATAL - [ErrorException] E_PARSE
syntax error, unexpected '[' (0)
/home/e/englishfl/office/public_html/bitrix/modules/main/lib/httprequest.php:387
----------
2018-04-02 18:49:01 - Host:  - FATAL - [ErrorException] E_PARSE
syntax error, unexpected '[' (0)
/home/e/englishfl/office/public_html/bitrix/modules/main/lib/httprequest.php:387
----------
2018-04-02 18:50:01 - Host:  - FATAL - [ErrorException] E_PARSE
syntax error, unexpected '[' (0)
/home/e/englishfl/office/public_html/bitrix/modules/main/lib/httprequest.php:387
----------
2018-04-02 18:51:01 - Host:  - FATAL - [ErrorException] E_PARSE
syntax error, unexpected '[' (0)
/home/e/englishfl/office/public_html/bitrix/modules/main/lib/httprequest.php:387
----------
2018-04-02 18:52:01 - Host:  - FATAL - [ErrorException] E_PARSE
syntax error, unexpected '[' (0)
/home/e/englishfl/office/public_html/bitrix/modules/main/lib/httprequest.php:387
----------
2018-04-02 18:53:01 - Host:  - FATAL - [ErrorException] E_PARSE
syntax error, unexpected '[' (0)
/home/e/englishfl/office/public_html/bitrix/modules/main/lib/httprequest.php:387
----------
2018-04-02 18:54:01 - Host:  - FATAL - [ErrorException] E_PARSE
syntax error, unexpected '[' (0)
/home/e/englishfl/office/public_html/bitrix/modules/main/lib/httprequest.php:387
----------
2018-04-02 18:55:01 - Host:  - FATAL - [ErrorException] E_PARSE
syntax error, unexpected '[' (0)
/home/e/englishfl/office/public_html/bitrix/modules/main/lib/httprequest.php:387
----------
2018-04-02 18:56:02 - Host:  - FATAL - [ErrorException] E_PARSE
syntax error, unexpected '[' (0)
/home/e/englishfl/office/public_html/bitrix/modules/main/lib/httprequest.php:387
----------
2018-04-02 18:57:01 - Host:  - FATAL - [ErrorException] E_PARSE
syntax error, unexpected '[' (0)
/home/e/englishfl/office/public_html/bitrix/modules/main/lib/httprequest.php:387
----------
2018-04-02 18:58:01 - Host:  - FATAL - [ErrorException] E_PARSE
syntax error, unexpected '[' (0)
/home/e/englishfl/office/public_html/bitrix/modules/main/lib/httprequest.php:387
----------
2018-04-02 18:59:01 - Host:  - FATAL - [ErrorException] E_PARSE
syntax error, unexpected '[' (0)
/home/e/englishfl/office/public_html/bitrix/modules/main/lib/httprequest.php:387
----------
2018-04-02 19:00:01 - Host:  - FATAL - [ErrorException] E_PARSE
syntax error, unexpected '[' (0)
/home/e/englishfl/office/public_html/bitrix/modules/main/lib/httprequest.php:387
----------
2018-04-02 19:01:01 - Host:  - FATAL - [ErrorException] E_PARSE
syntax error, unexpected '[' (0)
/home/e/englishfl/office/public_html/bitrix/modules/main/lib/httprequest.php:387
----------
2018-04-02 19:02:01 - Host:  - FATAL - [ErrorException] E_PARSE
syntax error, unexpected '[' (0)
/home/e/englishfl/office/public_html/bitrix/modules/main/lib/httprequest.php:387
----------
2018-04-02 19:03:02 - Host:  - FATAL - [ErrorException] E_PARSE
syntax error, unexpected '[' (0)
/home/e/englishfl/office/public_html/bitrix/modules/main/lib/httprequest.php:387
----------
2018-04-02 19:04:01 - Host:  - FATAL - [ErrorException] E_PARSE
syntax error, unexpected '[' (0)
/home/e/englishfl/office/public_html/bitrix/modules/main/lib/httprequest.php:387
----------
2018-04-02 19:05:01 - Host:  - FATAL - [ErrorException] E_PARSE
syntax error, unexpected '[' (0)
/home/e/englishfl/office/public_html/bitrix/modules/main/lib/httprequest.php:387
----------
2018-04-02 19:06:01 - Host:  - FATAL - [ErrorException] E_PARSE
syntax error, unexpected '[' (0)
/home/e/englishfl/office/public_html/bitrix/modules/main/lib/httprequest.php:387
----------
2018-04-02 19:07:01 - Host:  - FATAL - [ErrorException] E_PARSE
syntax error, unexpected '[' (0)
/home/e/englishfl/office/public_html/bitrix/modules/main/lib/httprequest.php:387
----------
2018-04-02 19:08:01 - Host:  - FATAL - [ErrorException] E_PARSE
syntax error, unexpected '[' (0)
/home/e/englishfl/office/public_html/bitrix/modules/main/lib/httprequest.php:387
----------
2018-04-02 19:09:01 - Host:  - FATAL - [ErrorException] E_PARSE
syntax error, unexpected '[' (0)
/home/e/englishfl/office/public_html/bitrix/modules/main/lib/httprequest.php:387
----------
2018-04-02 19:10:01 - Host:  - FATAL - [ErrorException] E_PARSE
syntax error, unexpected '[' (0)
/home/e/englishfl/office/public_html/bitrix/modules/main/lib/httprequest.php:387
----------
2018-04-02 19:11:01 - Host:  - FATAL - [ErrorException] E_PARSE
syntax error, unexpected '[' (0)
/home/e/englishfl/office/public_html/bitrix/modules/main/lib/httprequest.php:387
----------
2018-04-02 19:12:02 - Host:  - FATAL - [ErrorException] E_PARSE
syntax error, unexpected '[' (0)
/home/e/englishfl/office/public_html/bitrix/modules/main/lib/httprequest.php:387
----------
2018-04-02 19:13:01 - Host:  - FATAL - [ErrorException] E_PARSE
syntax error, unexpected '[' (0)
/home/e/englishfl/office/public_html/bitrix/modules/main/lib/httprequest.php:387
----------
2018-04-02 19:14:01 - Host:  - FATAL - [ErrorException] E_PARSE
syntax error, unexpected '[' (0)
/home/e/englishfl/office/public_html/bitrix/modules/main/lib/httprequest.php:387
----------
2018-04-02 19:15:01 - Host:  - FATAL - [ErrorException] E_PARSE
syntax error, unexpected '[' (0)
/home/e/englishfl/office/public_html/bitrix/modules/main/lib/httprequest.php:387
----------
2018-04-02 19:16:01 - Host:  - FATAL - [ErrorException] E_PARSE
syntax error, unexpected '[' (0)
/home/e/englishfl/office/public_html/bitrix/modules/main/lib/httprequest.php:387
----------
2018-04-02 19:17:01 - Host:  - FATAL - [ErrorException] E_PARSE
syntax error, unexpected '[' (0)
/home/e/englishfl/office/public_html/bitrix/modules/main/lib/httprequest.php:387
----------
2018-04-02 19:18:01 - Host:  - FATAL - [ErrorException] E_PARSE
syntax error, unexpected '[' (0)
/home/e/englishfl/office/public_html/bitrix/modules/main/lib/httprequest.php:387
----------
2018-04-02 19:19:01 - Host:  - FATAL - [ErrorException] E_PARSE
syntax error, unexpected '[' (0)
/home/e/englishfl/office/public_html/bitrix/modules/main/lib/httprequest.php:387
----------
2018-04-02 19:20:01 - Host:  - FATAL - [ErrorException] E_PARSE
syntax error, unexpected '[' (0)
/home/e/englishfl/office/public_html/bitrix/modules/main/lib/httprequest.php:387
----------
2018-04-02 19:21:01 - Host:  - FATAL - [ErrorException] E_PARSE
syntax error, unexpected '[' (0)
/home/e/englishfl/office/public_html/bitrix/modules/main/lib/httprequest.php:387
----------
2018-04-02 19:22:01 - Host:  - FATAL - [ErrorException] E_PARSE
syntax error, unexpected '[' (0)
/home/e/englishfl/office/public_html/bitrix/modules/main/lib/httprequest.php:387
----------
2018-04-02 19:23:01 - Host:  - FATAL - [ErrorException] E_PARSE
syntax error, unexpected '[' (0)
/home/e/englishfl/office/public_html/bitrix/modules/main/lib/httprequest.php:387
----------
2018-04-02 19:24:01 - Host:  - FATAL - [ErrorException] E_PARSE
syntax error, unexpected '[' (0)
/home/e/englishfl/office/public_html/bitrix/modules/main/lib/httprequest.php:387
----------
2018-04-02 19:25:02 - Host:  - FATAL - [ErrorException] E_PARSE
syntax error, unexpected '[' (0)
/home/e/englishfl/office/public_html/bitrix/modules/main/lib/httprequest.php:387
----------
2018-04-02 19:26:01 - Host:  - FATAL - [ErrorException] E_PARSE
syntax error, unexpected '[' (0)
/home/e/englishfl/office/public_html/bitrix/modules/main/lib/httprequest.php:387
----------
2018-04-02 19:27:01 - Host:  - FATAL - [ErrorException] E_PARSE
syntax error, unexpected '[' (0)
/home/e/englishfl/office/public_html/bitrix/modules/main/lib/httprequest.php:387
----------
2018-04-02 19:28:01 - Host:  - FATAL - [ErrorException] E_PARSE
syntax error, unexpected '[' (0)
/home/e/englishfl/office/public_html/bitrix/modules/main/lib/httprequest.php:387
----------
2018-04-02 19:29:01 - Host:  - FATAL - [ErrorException] E_PARSE
syntax error, unexpected '[' (0)
/home/e/englishfl/office/public_html/bitrix/modules/main/lib/httprequest.php:387
----------
2018-04-02 19:30:02 - Host:  - FATAL - [ErrorException] E_PARSE
syntax error, unexpected '[' (0)
/home/e/englishfl/office/public_html/bitrix/modules/main/lib/httprequest.php:387
----------
2018-04-02 19:31:01 - Host:  - FATAL - [ErrorException] E_PARSE
syntax error, unexpected '[' (0)
/home/e/englishfl/office/public_html/bitrix/modules/main/lib/httprequest.php:387
----------
2018-04-02 19:32:01 - Host:  - FATAL - [ErrorException] E_PARSE
syntax error, unexpected '[' (0)
/home/e/englishfl/office/public_html/bitrix/modules/main/lib/httprequest.php:387
----------
2018-04-02 19:33:01 - Host:  - FATAL - [ErrorException] E_PARSE
syntax error, unexpected '[' (0)
/home/e/englishfl/office/public_html/bitrix/modules/main/lib/httprequest.php:387
----------
2018-04-02 19:34:01 - Host:  - FATAL - [ErrorException] E_PARSE
syntax error, unexpected '[' (0)
/home/e/englishfl/office/public_html/bitrix/modules/main/lib/httprequest.php:387
----------
2018-04-02 19:35:01 - Host:  - FATAL - [ErrorException] E_PARSE
syntax error, unexpected '[' (0)
/home/e/englishfl/office/public_html/bitrix/modules/main/lib/httprequest.php:387
----------
2018-04-02 19:36:01 - Host:  - FATAL - [ErrorException] E_PARSE
syntax error, unexpected '[' (0)
/home/e/englishfl/office/public_html/bitrix/modules/main/lib/httprequest.php:387
----------
2018-04-02 19:37:01 - Host:  - FATAL - [ErrorException] E_PARSE
syntax error, unexpected '[' (0)
/home/e/englishfl/office/public_html/bitrix/modules/main/lib/httprequest.php:387
----------
2018-04-02 19:38:01 - Host:  - FATAL - [ErrorException] E_PARSE
syntax error, unexpected '[' (0)
/home/e/englishfl/office/public_html/bitrix/modules/main/lib/httprequest.php:387
----------
2018-04-02 19:39:02 - Host:  - FATAL - [ErrorException] E_PARSE
syntax error, unexpected '[' (0)
/home/e/englishfl/office/public_html/bitrix/modules/main/lib/httprequest.php:387
----------
2018-04-02 19:40:02 - Host:  - FATAL - [ErrorException] E_PARSE
syntax error, unexpected '[' (0)
/home/e/englishfl/office/public_html/bitrix/modules/main/lib/httprequest.php:387
----------
2018-04-02 19:41:01 - Host:  - FATAL - [ErrorException] E_PARSE
syntax error, unexpected '[' (0)
/home/e/englishfl/office/public_html/bitrix/modules/main/lib/httprequest.php:387
----------
2018-04-02 19:42:01 - Host:  - FATAL - [ErrorException] E_PARSE
syntax error, unexpected '[' (0)
/home/e/englishfl/office/public_html/bitrix/modules/main/lib/httprequest.php:387
----------
2018-04-02 19:43:01 - Host:  - FATAL - [ErrorException] E_PARSE
syntax error, unexpected '[' (0)
/home/e/englishfl/office/public_html/bitrix/modules/main/lib/httprequest.php:387
----------
2018-04-02 19:44:01 - Host:  - FATAL - [ErrorException] E_PARSE
syntax error, unexpected '[' (0)
/home/e/englishfl/office/public_html/bitrix/modules/main/lib/httprequest.php:387
----------
2018-04-02 19:45:01 - Host:  - FATAL - [ErrorException] E_PARSE
syntax error, unexpected '[' (0)
/home/e/englishfl/office/public_html/bitrix/modules/main/lib/httprequest.php:387
----------
2018-04-02 19:46:01 - Host:  - FATAL - [ErrorException] E_PARSE
syntax error, unexpected '[' (0)
/home/e/englishfl/office/public_html/bitrix/modules/main/lib/httprequest.php:387
----------
2018-04-02 19:47:01 - Host:  - FATAL - [ErrorException] E_PARSE
syntax error, unexpected '[' (0)
/home/e/englishfl/office/public_html/bitrix/modules/main/lib/httprequest.php:387
----------
2018-04-02 19:48:01 - Host:  - FATAL - [ErrorException] E_PARSE
syntax error, unexpected '[' (0)
/home/e/englishfl/office/public_html/bitrix/modules/main/lib/httprequest.php:387
----------
2018-04-02 19:49:01 - Host:  - FATAL - [ErrorException] E_PARSE
syntax error, unexpected '[' (0)
/home/e/englishfl/office/public_html/bitrix/modules/main/lib/httprequest.php:387
----------
2018-04-02 19:50:01 - Host:  - FATAL - [ErrorException] E_PARSE
syntax error, unexpected '[' (0)
/home/e/englishfl/office/public_html/bitrix/modules/main/lib/httprequest.php:387
----------
2018-04-02 19:51:01 - Host:  - FATAL - [ErrorException] E_PARSE
syntax error, unexpected '[' (0)
/home/e/englishfl/office/public_html/bitrix/modules/main/lib/httprequest.php:387
----------
2018-04-02 19:52:01 - Host:  - FATAL - [ErrorException] E_PARSE
syntax error, unexpected '[' (0)
/home/e/englishfl/office/public_html/bitrix/modules/main/lib/httprequest.php:387
----------
2018-04-02 19:53:01 - Host:  - FATAL - [ErrorException] E_PARSE
syntax error, unexpected '[' (0)
/home/e/englishfl/office/public_html/bitrix/modules/main/lib/httprequest.php:387
----------
2018-04-02 19:54:01 - Host:  - FATAL - [ErrorException] E_PARSE
syntax error, unexpected '[' (0)
/home/e/englishfl/office/public_html/bitrix/modules/main/lib/httprequest.php:387
----------
2018-04-02 19:55:01 - Host:  - FATAL - [ErrorException] E_PARSE
syntax error, unexpected '[' (0)
/home/e/englishfl/office/public_html/bitrix/modules/main/lib/httprequest.php:387
----------
2018-04-02 19:56:02 - Host:  - FATAL - [ErrorException] E_PARSE
syntax error, unexpected '[' (0)
/home/e/englishfl/office/public_html/bitrix/modules/main/lib/httprequest.php:387
----------
2018-04-02 19:57:01 - Host:  - FATAL - [ErrorException] E_PARSE
syntax error, unexpected '[' (0)
/home/e/englishfl/office/public_html/bitrix/modules/main/lib/httprequest.php:387
----------
2018-04-02 19:58:01 - Host:  - FATAL - [ErrorException] E_PARSE
syntax error, unexpected '[' (0)
/home/e/englishfl/office/public_html/bitrix/modules/main/lib/httprequest.php:387
----------
2018-04-02 19:59:01 - Host:  - FATAL - [ErrorException] E_PARSE
syntax error, unexpected '[' (0)
/home/e/englishfl/office/public_html/bitrix/modules/main/lib/httprequest.php:387
----------
2018-04-02 20:00:01 - Host:  - FATAL - [ErrorException] E_PARSE
syntax error, unexpected '[' (0)
/home/e/englishfl/office/public_html/bitrix/modules/main/lib/httprequest.php:387
----------
2018-04-02 20:01:02 - Host:  - FATAL - [ErrorException] E_PARSE
syntax error, unexpected '[' (0)
/home/e/englishfl/office/public_html/bitrix/modules/main/lib/httprequest.php:387
----------
2018-04-02 20:02:01 - Host:  - FATAL - [ErrorException] E_PARSE
syntax error, unexpected '[' (0)
/home/e/englishfl/office/public_html/bitrix/modules/main/lib/httprequest.php:387
----------
2018-04-02 20:03:02 - Host:  - FATAL - [ErrorException] E_PARSE
syntax error, unexpected '[' (0)
/home/e/englishfl/office/public_html/bitrix/modules/main/lib/httprequest.php:387
----------
2018-04-02 20:04:02 - Host:  - FATAL - [ErrorException] E_PARSE
syntax error, unexpected '[' (0)
/home/e/englishfl/office/public_html/bitrix/modules/main/lib/httprequest.php:387
----------
2018-04-02 20:05:01 - Host:  - FATAL - [ErrorException] E_PARSE
syntax error, unexpected '[' (0)
/home/e/englishfl/office/public_html/bitrix/modules/main/lib/httprequest.php:387
----------
2018-04-02 20:06:02 - Host:  - FATAL - [ErrorException] E_PARSE
syntax error, unexpected '[' (0)
/home/e/englishfl/office/public_html/bitrix/modules/main/lib/httprequest.php:387
----------
2018-04-02 20:07:01 - Host:  - FATAL - [ErrorException] E_PARSE
syntax error, unexpected '[' (0)
/home/e/englishfl/office/public_html/bitrix/modules/main/lib/httprequest.php:387
----------
2018-04-02 20:08:01 - Host:  - FATAL - [ErrorException] E_PARSE
syntax error, unexpected '[' (0)
/home/e/englishfl/office/public_html/bitrix/modules/main/lib/httprequest.php:387
----------
2018-04-02 20:09:01 - Host:  - FATAL - [ErrorException] E_PARSE
syntax error, unexpected '[' (0)
/home/e/englishfl/office/public_html/bitrix/modules/main/lib/httprequest.php:387
----------
2018-04-02 20:10:02 - Host:  - FATAL - [ErrorException] E_PARSE
syntax error, unexpected '[' (0)
/home/e/englishfl/office/public_html/bitrix/modules/main/lib/httprequest.php:387
----------
2018-04-02 20:11:02 - Host:  - FATAL - [ErrorException] E_PARSE
syntax error, unexpected '[' (0)
/home/e/englishfl/office/public_html/bitrix/modules/main/lib/httprequest.php:387
----------
2018-04-02 20:12:01 - Host:  - FATAL - [ErrorException] E_PARSE
syntax error, unexpected '[' (0)
/home/e/englishfl/office/public_html/bitrix/modules/main/lib/httprequest.php:387
----------
2018-04-02 20:13:01 - Host:  - FATAL - [ErrorException] E_PARSE
syntax error, unexpected '[' (0)
/home/e/englishfl/office/public_html/bitrix/modules/main/lib/httprequest.php:387
----------
2018-04-02 20:14:01 - Host:  - FATAL - [ErrorException] E_PARSE
syntax error, unexpected '[' (0)
/home/e/englishfl/office/public_html/bitrix/modules/main/lib/httprequest.php:387
----------
2018-04-02 20:15:01 - Host:  - FATAL - [ErrorException] E_PARSE
syntax error, unexpected '[' (0)
/home/e/englishfl/office/public_html/bitrix/modules/main/lib/httprequest.php:387
----------
2018-04-02 20:16:01 - Host:  - FATAL - [ErrorException] E_PARSE
syntax error, unexpected '[' (0)
/home/e/englishfl/office/public_html/bitrix/modules/main/lib/httprequest.php:387
----------
2018-04-02 20:17:01 - Host:  - FATAL - [ErrorException] E_PARSE
syntax error, unexpected '[' (0)
/home/e/englishfl/office/public_html/bitrix/modules/main/lib/httprequest.php:387
----------
2018-04-02 20:18:01 - Host:  - FATAL - [ErrorException] E_PARSE
syntax error, unexpected '[' (0)
/home/e/englishfl/office/public_html/bitrix/modules/main/lib/httprequest.php:387
----------
2018-04-02 20:19:01 - Host:  - FATAL - [ErrorException] E_PARSE
syntax error, unexpected '[' (0)
/home/e/englishfl/office/public_html/bitrix/modules/main/lib/httprequest.php:387
----------
2018-04-02 20:20:01 - Host:  - FATAL - [ErrorException] E_PARSE
syntax error, unexpected '[' (0)
/home/e/englishfl/office/public_html/bitrix/modules/main/lib/httprequest.php:387
----------
2018-04-02 20:21:01 - Host:  - FATAL - [ErrorException] E_PARSE
syntax error, unexpected '[' (0)
/home/e/englishfl/office/public_html/bitrix/modules/main/lib/httprequest.php:387
----------
2018-04-02 20:22:01 - Host:  - FATAL - [ErrorException] E_PARSE
syntax error, unexpected '[' (0)
/home/e/englishfl/office/public_html/bitrix/modules/main/lib/httprequest.php:387
----------
2018-04-02 20:23:01 - Host:  - FATAL - [ErrorException] E_PARSE
syntax error, unexpected '[' (0)
/home/e/englishfl/office/public_html/bitrix/modules/main/lib/httprequest.php:387
----------
2018-04-02 20:24:01 - Host:  - FATAL - [ErrorException] E_PARSE
syntax error, unexpected '[' (0)
/home/e/englishfl/office/public_html/bitrix/modules/main/lib/httprequest.php:387
----------
2018-04-02 20:25:01 - Host:  - FATAL - [ErrorException] E_PARSE
syntax error, unexpected '[' (0)
/home/e/englishfl/office/public_html/bitrix/modules/main/lib/httprequest.php:387
----------
2018-04-02 20:26:01 - Host:  - FATAL - [ErrorException] E_PARSE
syntax error, unexpected '[' (0)
/home/e/englishfl/office/public_html/bitrix/modules/main/lib/httprequest.php:387
----------
2018-04-02 20:27:01 - Host:  - FATAL - [ErrorException] E_PARSE
syntax error, unexpected '[' (0)
/home/e/englishfl/office/public_html/bitrix/modules/main/lib/httprequest.php:387
----------
2018-04-02 20:28:01 - Host:  - FATAL - [ErrorException] E_PARSE
syntax error, unexpected '[' (0)
/home/e/englishfl/office/public_html/bitrix/modules/main/lib/httprequest.php:387
----------
2018-04-02 20:29:02 - Host:  - FATAL - [ErrorException] E_PARSE
syntax error, unexpected '[' (0)
/home/e/englishfl/office/public_html/bitrix/modules/main/lib/httprequest.php:387
----------
2018-04-02 20:30:01 - Host:  - FATAL - [ErrorException] E_PARSE
syntax error, unexpected '[' (0)
/home/e/englishfl/office/public_html/bitrix/modules/main/lib/httprequest.php:387
----------
2018-04-02 20:31:01 - Host:  - FATAL - [ErrorException] E_PARSE
syntax error, unexpected '[' (0)
/home/e/englishfl/office/public_html/bitrix/modules/main/lib/httprequest.php:387
----------
2018-04-02 20:32:01 - Host:  - FATAL - [ErrorException] E_PARSE
syntax error, unexpected '[' (0)
/home/e/englishfl/office/public_html/bitrix/modules/main/lib/httprequest.php:387
----------
2018-04-02 20:33:01 - Host:  - FATAL - [ErrorException] E_PARSE
syntax error, unexpected '[' (0)
/home/e/englishfl/office/public_html/bitrix/modules/main/lib/httprequest.php:387
----------
2018-04-02 20:34:01 - Host:  - FATAL - [ErrorException] E_PARSE
syntax error, unexpected '[' (0)
/home/e/englishfl/office/public_html/bitrix/modules/main/lib/httprequest.php:387
----------
2018-04-02 20:35:01 - Host:  - FATAL - [ErrorException] E_PARSE
syntax error, unexpected '[' (0)
/home/e/englishfl/office/public_html/bitrix/modules/main/lib/httprequest.php:387
----------
2018-04-02 20:36:01 - Host:  - FATAL - [ErrorException] E_PARSE
syntax error, unexpected '[' (0)
/home/e/englishfl/office/public_html/bitrix/modules/main/lib/httprequest.php:387
----------
2018-04-02 20:37:01 - Host:  - FATAL - [ErrorException] E_PARSE
syntax error, unexpected '[' (0)
/home/e/englishfl/office/public_html/bitrix/modules/main/lib/httprequest.php:387
----------
2018-04-02 20:38:01 - Host:  - FATAL - [ErrorException] E_PARSE
syntax error, unexpected '[' (0)
/home/e/englishfl/office/public_html/bitrix/modules/main/lib/httprequest.php:387
----------
2018-04-02 20:39:01 - Host:  - FATAL - [ErrorException] E_PARSE
syntax error, unexpected '[' (0)
/home/e/englishfl/office/public_html/bitrix/modules/main/lib/httprequest.php:387
----------
2018-04-02 20:40:01 - Host:  - FATAL - [ErrorException] E_PARSE
syntax error, unexpected '[' (0)
/home/e/englishfl/office/public_html/bitrix/modules/main/lib/httprequest.php:387
----------
2018-04-02 20:41:01 - Host:  - FATAL - [ErrorException] E_PARSE
syntax error, unexpected '[' (0)
/home/e/englishfl/office/public_html/bitrix/modules/main/lib/httprequest.php:387
----------
2018-04-02 20:42:01 - Host:  - FATAL - [ErrorException] E_PARSE
syntax error, unexpected '[' (0)
/home/e/englishfl/office/public_html/bitrix/modules/main/lib/httprequest.php:387
----------
2018-04-02 20:43:01 - Host:  - FATAL - [ErrorException] E_PARSE
syntax error, unexpected '[' (0)
/home/e/englishfl/office/public_html/bitrix/modules/main/lib/httprequest.php:387
----------
2018-04-02 20:44:01 - Host:  - FATAL - [ErrorException] E_PARSE
syntax error, unexpected '[' (0)
/home/e/englishfl/office/public_html/bitrix/modules/main/lib/httprequest.php:387
----------
2018-04-02 20:45:01 - Host:  - FATAL - [ErrorException] E_PARSE
syntax error, unexpected '[' (0)
/home/e/englishfl/office/public_html/bitrix/modules/main/lib/httprequest.php:387
----------
2018-04-02 20:46:01 - Host:  - FATAL - [ErrorException] E_PARSE
syntax error, unexpected '[' (0)
/home/e/englishfl/office/public_html/bitrix/modules/main/lib/httprequest.php:387
----------
2018-04-02 20:47:02 - Host:  - FATAL - [ErrorException] E_PARSE
syntax error, unexpected '[' (0)
/home/e/englishfl/office/public_html/bitrix/modules/main/lib/httprequest.php:387
----------
2018-04-02 20:48:01 - Host:  - FATAL - [ErrorException] E_PARSE
syntax error, unexpected '[' (0)
/home/e/englishfl/office/public_html/bitrix/modules/main/lib/httprequest.php:387
----------
2018-04-02 20:49:01 - Host:  - FATAL - [ErrorException] E_PARSE
syntax error, unexpected '[' (0)
/home/e/englishfl/office/public_html/bitrix/modules/main/lib/httprequest.php:387
----------
2018-04-02 20:50:01 - Host:  - FATAL - [ErrorException] E_PARSE
syntax error, unexpected '[' (0)
/home/e/englishfl/office/public_html/bitrix/modules/main/lib/httprequest.php:387
----------
2018-04-02 20:51:02 - Host:  - FATAL - [ErrorException] E_PARSE
syntax error, unexpected '[' (0)
/home/e/englishfl/office/public_html/bitrix/modules/main/lib/httprequest.php:387
----------
2018-04-02 20:52:01 - Host:  - FATAL - [ErrorException] E_PARSE
syntax error, unexpected '[' (0)
/home/e/englishfl/office/public_html/bitrix/modules/main/lib/httprequest.php:387
----------
2018-04-02 20:53:01 - Host:  - FATAL - [ErrorException] E_PARSE
syntax error, unexpected '[' (0)
/home/e/englishfl/office/public_html/bitrix/modules/main/lib/httprequest.php:387
----------
2018-04-02 20:54:01 - Host:  - FATAL - [ErrorException] E_PARSE
syntax error, unexpected '[' (0)
/home/e/englishfl/office/public_html/bitrix/modules/main/lib/httprequest.php:387
----------
2018-04-02 20:55:01 - Host:  - FATAL - [ErrorException] E_PARSE
syntax error, unexpected '[' (0)
/home/e/englishfl/office/public_html/bitrix/modules/main/lib/httprequest.php:387
----------
2018-04-02 20:56:01 - Host:  - FATAL - [ErrorException] E_PARSE
syntax error, unexpected '[' (0)
/home/e/englishfl/office/public_html/bitrix/modules/main/lib/httprequest.php:387
----------
2018-04-02 20:57:01 - Host:  - FATAL - [ErrorException] E_PARSE
syntax error, unexpected '[' (0)
/home/e/englishfl/office/public_html/bitrix/modules/main/lib/httprequest.php:387
----------
2018-04-02 20:58:01 - Host:  - FATAL - [ErrorException] E_PARSE
syntax error, unexpected '[' (0)
/home/e/englishfl/office/public_html/bitrix/modules/main/lib/httprequest.php:387
----------
2018-04-02 20:59:01 - Host:  - FATAL - [ErrorException] E_PARSE
syntax error, unexpected '[' (0)
/home/e/englishfl/office/public_html/bitrix/modules/main/lib/httprequest.php:387
----------
2018-04-02 21:00:02 - Host:  - FATAL - [ErrorException] E_PARSE
syntax error, unexpected '[' (0)
/home/e/englishfl/office/public_html/bitrix/modules/main/lib/httprequest.php:387
----------
2018-04-02 21:01:01 - Host:  - FATAL - [ErrorException] E_PARSE
syntax error, unexpected '[' (0)
/home/e/englishfl/office/public_html/bitrix/modules/main/lib/httprequest.php:387
----------
2018-04-02 21:02:01 - Host:  - FATAL - [ErrorException] E_PARSE
syntax error, unexpected '[' (0)
/home/e/englishfl/office/public_html/bitrix/modules/main/lib/httprequest.php:387
----------
2018-04-02 21:03:01 - Host:  - FATAL - [ErrorException] E_PARSE
syntax error, unexpected '[' (0)
/home/e/englishfl/office/public_html/bitrix/modules/main/lib/httprequest.php:387
----------
2018-04-02 21:04:01 - Host:  - FATAL - [ErrorException] E_PARSE
syntax error, unexpected '[' (0)
/home/e/englishfl/office/public_html/bitrix/modules/main/lib/httprequest.php:387
----------
2018-04-02 21:05:01 - Host:  - FATAL - [ErrorException] E_PARSE
syntax error, unexpected '[' (0)
/home/e/englishfl/office/public_html/bitrix/modules/main/lib/httprequest.php:387
----------
2018-04-02 21:06:02 - Host:  - FATAL - [ErrorException] E_PARSE
syntax error, unexpected '[' (0)
/home/e/englishfl/office/public_html/bitrix/modules/main/lib/httprequest.php:387
----------
2018-04-02 21:07:01 - Host:  - FATAL - [ErrorException] E_PARSE
syntax error, unexpected '[' (0)
/home/e/englishfl/office/public_html/bitrix/modules/main/lib/httprequest.php:387
----------
2018-04-02 21:08:01 - Host:  - FATAL - [ErrorException] E_PARSE
syntax error, unexpected '[' (0)
/home/e/englishfl/office/public_html/bitrix/modules/main/lib/httprequest.php:387
----------
2018-04-02 21:09:01 - Host:  - FATAL - [ErrorException] E_PARSE
syntax error, unexpected '[' (0)
/home/e/englishfl/office/public_html/bitrix/modules/main/lib/httprequest.php:387
----------
2018-04-02 21:10:02 - Host:  - FATAL - [ErrorException] E_PARSE
syntax error, unexpected '[' (0)
/home/e/englishfl/office/public_html/bitrix/modules/main/lib/httprequest.php:387
----------
2018-04-02 21:11:01 - Host:  - FATAL - [ErrorException] E_PARSE
syntax error, unexpected '[' (0)
/home/e/englishfl/office/public_html/bitrix/modules/main/lib/httprequest.php:387
----------
2018-04-02 21:12:01 - Host:  - FATAL - [ErrorException] E_PARSE
syntax error, unexpected '[' (0)
/home/e/englishfl/office/public_html/bitrix/modules/main/lib/httprequest.php:387
----------
2018-04-02 21:13:02 - Host:  - FATAL - [ErrorException] E_PARSE
syntax error, unexpected '[' (0)
/home/e/englishfl/office/public_html/bitrix/modules/main/lib/httprequest.php:387
----------
2018-04-02 21:14:02 - Host:  - FATAL - [ErrorException] E_PARSE
syntax error, unexpected '[' (0)
/home/e/englishfl/office/public_html/bitrix/modules/main/lib/httprequest.php:387
----------
2018-04-02 21:15:01 - Host:  - FATAL - [ErrorException] E_PARSE
syntax error, unexpected '[' (0)
/home/e/englishfl/office/public_html/bitrix/modules/main/lib/httprequest.php:387
----------
2018-04-02 21:16:01 - Host:  - FATAL - [ErrorException] E_PARSE
syntax error, unexpected '[' (0)
/home/e/englishfl/office/public_html/bitrix/modules/main/lib/httprequest.php:387
----------
2018-04-02 21:17:01 - Host:  - FATAL - [ErrorException] E_PARSE
syntax error, unexpected '[' (0)
/home/e/englishfl/office/public_html/bitrix/modules/main/lib/httprequest.php:387
----------
2018-04-02 21:18:01 - Host:  - FATAL - [ErrorException] E_PARSE
syntax error, unexpected '[' (0)
/home/e/englishfl/office/public_html/bitrix/modules/main/lib/httprequest.php:387
----------
2018-04-02 21:19:01 - Host:  - FATAL - [ErrorException] E_PARSE
syntax error, unexpected '[' (0)
/home/e/englishfl/office/public_html/bitrix/modules/main/lib/httprequest.php:387
----------
2018-04-02 21:20:01 - Host:  - FATAL - [ErrorException] E_PARSE
syntax error, unexpected '[' (0)
/home/e/englishfl/office/public_html/bitrix/modules/main/lib/httprequest.php:387
----------
2018-04-02 21:21:01 - Host:  - FATAL - [ErrorException] E_PARSE
syntax error, unexpected '[' (0)
/home/e/englishfl/office/public_html/bitrix/modules/main/lib/httprequest.php:387
----------
2018-04-02 21:22:01 - Host:  - FATAL - [ErrorException] E_PARSE
syntax error, unexpected '[' (0)
/home/e/englishfl/office/public_html/bitrix/modules/main/lib/httprequest.php:387
----------
2018-04-02 21:23:01 - Host:  - FATAL - [ErrorException] E_PARSE
syntax error, unexpected '[' (0)
/home/e/englishfl/office/public_html/bitrix/modules/main/lib/httprequest.php:387
----------
2018-04-02 21:24:02 - Host:  - FATAL - [ErrorException] E_PARSE
syntax error, unexpected '[' (0)
/home/e/englishfl/office/public_html/bitrix/modules/main/lib/httprequest.php:387
----------
2018-04-02 21:25:01 - Host:  - FATAL - [ErrorException] E_PARSE
syntax error, unexpected '[' (0)
/home/e/englishfl/office/public_html/bitrix/modules/main/lib/httprequest.php:387
----------
2018-04-02 21:26:01 - Host:  - FATAL - [ErrorException] E_PARSE
syntax error, unexpected '[' (0)
/home/e/englishfl/office/public_html/bitrix/modules/main/lib/httprequest.php:387
----------
2018-04-02 21:27:01 - Host:  - FATAL - [ErrorException] E_PARSE
syntax error, unexpected '[' (0)
/home/e/englishfl/office/public_html/bitrix/modules/main/lib/httprequest.php:387
----------
2018-04-02 21:28:01 - Host:  - FATAL - [ErrorException] E_PARSE
syntax error, unexpected '[' (0)
/home/e/englishfl/office/public_html/bitrix/modules/main/lib/httprequest.php:387
----------
2018-04-02 21:29:01 - Host:  - FATAL - [ErrorException] E_PARSE
syntax error, unexpected '[' (0)
/home/e/englishfl/office/public_html/bitrix/modules/main/lib/httprequest.php:387
----------
2018-04-02 21:30:01 - Host:  - FATAL - [ErrorException] E_PARSE
syntax error, unexpected '[' (0)
/home/e/englishfl/office/public_html/bitrix/modules/main/lib/httprequest.php:387
----------
2018-04-02 21:31:01 - Host:  - FATAL - [ErrorException] E_PARSE
syntax error, unexpected '[' (0)
/home/e/englishfl/office/public_html/bitrix/modules/main/lib/httprequest.php:387
----------
2018-04-02 21:32:01 - Host:  - FATAL - [ErrorException] E_PARSE
syntax error, unexpected '[' (0)
/home/e/englishfl/office/public_html/bitrix/modules/main/lib/httprequest.php:387
----------
2018-04-02 21:33:01 - Host:  - FATAL - [ErrorException] E_PARSE
syntax error, unexpected '[' (0)
/home/e/englishfl/office/public_html/bitrix/modules/main/lib/httprequest.php:387
----------
2018-04-02 21:34:02 - Host:  - FATAL - [ErrorException] E_PARSE
syntax error, unexpected '[' (0)
/home/e/englishfl/office/public_html/bitrix/modules/main/lib/httprequest.php:387
----------
2018-04-02 21:35:01 - Host:  - FATAL - [ErrorException] E_PARSE
syntax error, unexpected '[' (0)
/home/e/englishfl/office/public_html/bitrix/modules/main/lib/httprequest.php:387
----------
2018-04-02 21:36:01 - Host:  - FATAL - [ErrorException] E_PARSE
syntax error, unexpected '[' (0)
/home/e/englishfl/office/public_html/bitrix/modules/main/lib/httprequest.php:387
----------
2018-04-02 21:37:01 - Host:  - FATAL - [ErrorException] E_PARSE
syntax error, unexpected '[' (0)
/home/e/englishfl/office/public_html/bitrix/modules/main/lib/httprequest.php:387
----------
2018-04-02 21:38:01 - Host:  - FATAL - [ErrorException] E_PARSE
syntax error, unexpected '[' (0)
/home/e/englishfl/office/public_html/bitrix/modules/main/lib/httprequest.php:387
----------
2018-04-02 21:39:01 - Host:  - FATAL - [ErrorException] E_PARSE
syntax error, unexpected '[' (0)
/home/e/englishfl/office/public_html/bitrix/modules/main/lib/httprequest.php:387
----------
2018-04-02 21:40:01 - Host:  - FATAL - [ErrorException] E_PARSE
syntax error, unexpected '[' (0)
/home/e/englishfl/office/public_html/bitrix/modules/main/lib/httprequest.php:387
----------
2018-04-02 21:41:01 - Host:  - FATAL - [ErrorException] E_PARSE
syntax error, unexpected '[' (0)
/home/e/englishfl/office/public_html/bitrix/modules/main/lib/httprequest.php:387
----------
2018-04-02 21:42:01 - Host:  - FATAL - [ErrorException] E_PARSE
syntax error, unexpected '[' (0)
/home/e/englishfl/office/public_html/bitrix/modules/main/lib/httprequest.php:387
----------
2018-04-02 21:43:01 - Host:  - FATAL - [ErrorException] E_PARSE
syntax error, unexpected '[' (0)
/home/e/englishfl/office/public_html/bitrix/modules/main/lib/httprequest.php:387
----------
2018-04-02 21:44:01 - Host:  - FATAL - [ErrorException] E_PARSE
syntax error, unexpected '[' (0)
/home/e/englishfl/office/public_html/bitrix/modules/main/lib/httprequest.php:387
----------
2018-04-02 21:45:01 - Host:  - FATAL - [ErrorException] E_PARSE
syntax error, unexpected '[' (0)
/home/e/englishfl/office/public_html/bitrix/modules/main/lib/httprequest.php:387
----------
2018-04-02 21:46:01 - Host:  - FATAL - [ErrorException] E_PARSE
syntax error, unexpected '[' (0)
/home/e/englishfl/office/public_html/bitrix/modules/main/lib/httprequest.php:387
----------
2018-04-02 21:47:01 - Host:  - FATAL - [ErrorException] E_PARSE
syntax error, unexpected '[' (0)
/home/e/englishfl/office/public_html/bitrix/modules/main/lib/httprequest.php:387
----------
2018-04-02 21:48:01 - Host:  - FATAL - [ErrorException] E_PARSE
syntax error, unexpected '[' (0)
/home/e/englishfl/office/public_html/bitrix/modules/main/lib/httprequest.php:387
----------
2018-04-02 21:49:01 - Host:  - FATAL - [ErrorException] E_PARSE
syntax error, unexpected '[' (0)
/home/e/englishfl/office/public_html/bitrix/modules/main/lib/httprequest.php:387
----------
2018-04-02 21:50:01 - Host:  - FATAL - [ErrorException] E_PARSE
syntax error, unexpected '[' (0)
/home/e/englishfl/office/public_html/bitrix/modules/main/lib/httprequest.php:387
----------
2018-04-02 21:51:01 - Host:  - FATAL - [ErrorException] E_PARSE
syntax error, unexpected '[' (0)
/home/e/englishfl/office/public_html/bitrix/modules/main/lib/httprequest.php:387
----------
2018-04-02 21:52:01 - Host:  - FATAL - [ErrorException] E_PARSE
syntax error, unexpected '[' (0)
/home/e/englishfl/office/public_html/bitrix/modules/main/lib/httprequest.php:387
----------
2018-04-02 21:53:01 - Host:  - FATAL - [ErrorException] E_PARSE
syntax error, unexpected '[' (0)
/home/e/englishfl/office/public_html/bitrix/modules/main/lib/httprequest.php:387
----------
2018-04-02 21:54:01 - Host:  - FATAL - [ErrorException] E_PARSE
syntax error, unexpected '[' (0)
/home/e/englishfl/office/public_html/bitrix/modules/main/lib/httprequest.php:387
----------
2018-04-02 21:55:02 - Host:  - FATAL - [ErrorException] E_PARSE
syntax error, unexpected '[' (0)
/home/e/englishfl/office/public_html/bitrix/modules/main/lib/httprequest.php:387
----------
2018-04-02 21:56:02 - Host:  - FATAL - [ErrorException] E_PARSE
syntax error, unexpected '[' (0)
/home/e/englishfl/office/public_html/bitrix/modules/main/lib/httprequest.php:387
----------
2018-04-02 21:57:01 - Host:  - FATAL - [ErrorException] E_PARSE
syntax error, unexpected '[' (0)
/home/e/englishfl/office/public_html/bitrix/modules/main/lib/httprequest.php:387
----------
2018-04-02 21:58:01 - Host:  - FATAL - [ErrorException] E_PARSE
syntax error, unexpected '[' (0)
/home/e/englishfl/office/public_html/bitrix/modules/main/lib/httprequest.php:387
----------
2018-04-02 21:59:01 - Host:  - FATAL - [ErrorException] E_PARSE
syntax error, unexpected '[' (0)
/home/e/englishfl/office/public_html/bitrix/modules/main/lib/httprequest.php:387
----------
2018-04-02 22:00:01 - Host:  - FATAL - [ErrorException] E_PARSE
syntax error, unexpected '[' (0)
/home/e/englishfl/office/public_html/bitrix/modules/main/lib/httprequest.php:387
----------
2018-04-02 22:01:01 - Host:  - FATAL - [ErrorException] E_PARSE
syntax error, unexpected '[' (0)
/home/e/englishfl/office/public_html/bitrix/modules/main/lib/httprequest.php:387
----------
2018-04-02 22:02:01 - Host:  - FATAL - [ErrorException] E_PARSE
syntax error, unexpected '[' (0)
/home/e/englishfl/office/public_html/bitrix/modules/main/lib/httprequest.php:387
----------
2018-04-02 22:03:01 - Host:  - FATAL - [ErrorException] E_PARSE
syntax error, unexpected '[' (0)
/home/e/englishfl/office/public_html/bitrix/modules/main/lib/httprequest.php:387
----------
2018-04-02 22:04:01 - Host:  - FATAL - [ErrorException] E_PARSE
syntax error, unexpected '[' (0)
/home/e/englishfl/office/public_html/bitrix/modules/main/lib/httprequest.php:387
----------
2018-04-02 22:05:01 - Host:  - FATAL - [ErrorException] E_PARSE
syntax error, unexpected '[' (0)
/home/e/englishfl/office/public_html/bitrix/modules/main/lib/httprequest.php:387
----------
2018-04-02 22:06:01 - Host:  - FATAL - [ErrorException] E_PARSE
syntax error, unexpected '[' (0)
/home/e/englishfl/office/public_html/bitrix/modules/main/lib/httprequest.php:387
----------
2018-04-02 22:07:02 - Host:  - FATAL - [ErrorException] E_PARSE
syntax error, unexpected '[' (0)
/home/e/englishfl/office/public_html/bitrix/modules/main/lib/httprequest.php:387
----------
2018-04-02 22:08:01 - Host:  - FATAL - [ErrorException] E_PARSE
syntax error, unexpected '[' (0)
/home/e/englishfl/office/public_html/bitrix/modules/main/lib/httprequest.php:387
----------
2018-04-02 22:09:01 - Host:  - FATAL - [ErrorException] E_PARSE
syntax error, unexpected '[' (0)
/home/e/englishfl/office/public_html/bitrix/modules/main/lib/httprequest.php:387
----------
2018-04-02 22:10:01 - Host:  - FATAL - [ErrorException] E_PARSE
syntax error, unexpected '[' (0)
/home/e/englishfl/office/public_html/bitrix/modules/main/lib/httprequest.php:387
----------
2018-04-02 22:11:01 - Host:  - FATAL - [ErrorException] E_PARSE
syntax error, unexpected '[' (0)
/home/e/englishfl/office/public_html/bitrix/modules/main/lib/httprequest.php:387
----------
2018-04-02 22:12:01 - Host:  - FATAL - [ErrorException] E_PARSE
syntax error, unexpected '[' (0)
/home/e/englishfl/office/public_html/bitrix/modules/main/lib/httprequest.php:387
----------
2018-04-02 22:13:02 - Host:  - FATAL - [ErrorException] E_PARSE
syntax error, unexpected '[' (0)
/home/e/englishfl/office/public_html/bitrix/modules/main/lib/httprequest.php:387
----------
2018-04-02 22:14:01 - Host:  - FATAL - [ErrorException] E_PARSE
syntax error, unexpected '[' (0)
/home/e/englishfl/office/public_html/bitrix/modules/main/lib/httprequest.php:387
----------
2018-04-02 22:15:01 - Host:  - FATAL - [ErrorException] E_PARSE
syntax error, unexpected '[' (0)
/home/e/englishfl/office/public_html/bitrix/modules/main/lib/httprequest.php:387
----------
2018-04-02 22:16:01 - Host:  - FATAL - [ErrorException] E_PARSE
syntax error, unexpected '[' (0)
/home/e/englishfl/office/public_html/bitrix/modules/main/lib/httprequest.php:387
----------
2018-04-02 22:17:01 - Host:  - FATAL - [ErrorException] E_PARSE
syntax error, unexpected '[' (0)
/home/e/englishfl/office/public_html/bitrix/modules/main/lib/httprequest.php:387
----------
2018-04-02 22:18:01 - Host:  - FATAL - [ErrorException] E_PARSE
syntax error, unexpected '[' (0)
/home/e/englishfl/office/public_html/bitrix/modules/main/lib/httprequest.php:387
----------
2018-04-02 22:19:01 - Host:  - FATAL - [ErrorException] E_PARSE
syntax error, unexpected '[' (0)
/home/e/englishfl/office/public_html/bitrix/modules/main/lib/httprequest.php:387
----------
2018-04-02 22:20:01 - Host:  - FATAL - [ErrorException] E_PARSE
syntax error, unexpected '[' (0)
/home/e/englishfl/office/public_html/bitrix/modules/main/lib/httprequest.php:387
----------
2018-04-02 22:21:01 - Host:  - FATAL - [ErrorException] E_PARSE
syntax error, unexpected '[' (0)
/home/e/englishfl/office/public_html/bitrix/modules/main/lib/httprequest.php:387
----------
2018-04-02 22:22:01 - Host:  - FATAL - [ErrorException] E_PARSE
syntax error, unexpected '[' (0)
/home/e/englishfl/office/public_html/bitrix/modules/main/lib/httprequest.php:387
----------
2018-04-02 22:23:01 - Host:  - FATAL - [ErrorException] E_PARSE
syntax error, unexpected '[' (0)
/home/e/englishfl/office/public_html/bitrix/modules/main/lib/httprequest.php:387
----------
2018-04-02 22:24:01 - Host:  - FATAL - [ErrorException] E_PARSE
syntax error, unexpected '[' (0)
/home/e/englishfl/office/public_html/bitrix/modules/main/lib/httprequest.php:387
----------
2018-04-02 22:25:01 - Host:  - FATAL - [ErrorException] E_PARSE
syntax error, unexpected '[' (0)
/home/e/englishfl/office/public_html/bitrix/modules/main/lib/httprequest.php:387
----------
2018-04-02 22:26:02 - Host:  - FATAL - [ErrorException] E_PARSE
syntax error, unexpected '[' (0)
/home/e/englishfl/office/public_html/bitrix/modules/main/lib/httprequest.php:387
----------
2018-04-02 22:27:01 - Host:  - FATAL - [ErrorException] E_PARSE
syntax error, unexpected '[' (0)
/home/e/englishfl/office/public_html/bitrix/modules/main/lib/httprequest.php:387
----------
2018-04-02 22:28:01 - Host:  - FATAL - [ErrorException] E_PARSE
syntax error, unexpected '[' (0)
/home/e/englishfl/office/public_html/bitrix/modules/main/lib/httprequest.php:387
----------
2018-04-02 22:29:01 - Host:  - FATAL - [ErrorException] E_PARSE
syntax error, unexpected '[' (0)
/home/e/englishfl/office/public_html/bitrix/modules/main/lib/httprequest.php:387
----------
2018-04-02 22:30:01 - Host:  - FATAL - [ErrorException] E_PARSE
syntax error, unexpected '[' (0)
/home/e/englishfl/office/public_html/bitrix/modules/main/lib/httprequest.php:387
----------
2018-04-02 22:31:02 - Host:  - FATAL - [ErrorException] E_PARSE
syntax error, unexpected '[' (0)
/home/e/englishfl/office/public_html/bitrix/modules/main/lib/httprequest.php:387
----------
2018-04-02 22:32:01 - Host:  - FATAL - [ErrorException] E_PARSE
syntax error, unexpected '[' (0)
/home/e/englishfl/office/public_html/bitrix/modules/main/lib/httprequest.php:387
----------
2018-04-02 22:33:01 - Host:  - FATAL - [ErrorException] E_PARSE
syntax error, unexpected '[' (0)
/home/e/englishfl/office/public_html/bitrix/modules/main/lib/httprequest.php:387
----------
2018-04-02 22:34:01 - Host:  - FATAL - [ErrorException] E_PARSE
syntax error, unexpected '[' (0)
/home/e/englishfl/office/public_html/bitrix/modules/main/lib/httprequest.php:387
----------
2018-04-02 22:35:01 - Host:  - FATAL - [ErrorException] E_PARSE
syntax error, unexpected '[' (0)
/home/e/englishfl/office/public_html/bitrix/modules/main/lib/httprequest.php:387
----------
2018-04-02 22:36:01 - Host:  - FATAL - [ErrorException] E_PARSE
syntax error, unexpected '[' (0)
/home/e/englishfl/office/public_html/bitrix/modules/main/lib/httprequest.php:387
----------
2018-04-02 22:37:01 - Host:  - FATAL - [ErrorException] E_PARSE
syntax error, unexpected '[' (0)
/home/e/englishfl/office/public_html/bitrix/modules/main/lib/httprequest.php:387
----------
2018-04-02 22:38:01 - Host:  - FATAL - [ErrorException] E_PARSE
syntax error, unexpected '[' (0)
/home/e/englishfl/office/public_html/bitrix/modules/main/lib/httprequest.php:387
----------
2018-04-02 22:38:04 - Host: office.englishfl.tmweb.ru - UNCAUGHT_EXCEPTION - [ParseError] 
syntax error, unexpected ')' (0)
/home/e/englishfl/office/public_html/local/php_interface/include/functions.php:25
#0: include_once
	/home/e/englishfl/office/public_html/bitrix/modules/main/include.php:233
#1: require_once(string)
	/home/e/englishfl/office/public_html/bitrix/modules/main/include/prolog_before.php:14
#2: require_once(string)
	/home/e/englishfl/office/public_html/bitrix/modules/main/include/prolog.php:10
#3: require_once(string)
	/home/e/englishfl/office/public_html/bitrix/header.php:1
#4: require(string)
	/home/e/englishfl/office/public_html/account/settings/index.php:1
----------
2018-04-02 22:38:10 - Host: office.englishfl.tmweb.ru - UNCAUGHT_EXCEPTION - [ParseError] 
syntax error, unexpected ')' (0)
/home/e/englishfl/office/public_html/local/php_interface/include/functions.php:25
#0: include_once
	/home/e/englishfl/office/public_html/bitrix/modules/main/include.php:233
#1: require_once(string)
	/home/e/englishfl/office/public_html/bitrix/modules/main/include/prolog_admin_before.php:18
#2: require_once(string)
	/home/e/englishfl/office/public_html/bitrix/modules/iblock/admin/iblock_edit.php:10
#3: require(string)
	/home/e/englishfl/office/public_html/bitrix/admin/iblock_edit.php:1
----------
2018-04-02 22:39:01 - Host:  - FATAL - [ErrorException] E_PARSE
syntax error, unexpected '[' (0)
/home/e/englishfl/office/public_html/bitrix/modules/main/lib/httprequest.php:387
----------
2018-04-02 22:40:01 - Host:  - FATAL - [ErrorException] E_PARSE
syntax error, unexpected '[' (0)
/home/e/englishfl/office/public_html/bitrix/modules/main/lib/httprequest.php:387
----------
2018-04-02 22:41:02 - Host:  - FATAL - [ErrorException] E_PARSE
syntax error, unexpected '[' (0)
/home/e/englishfl/office/public_html/bitrix/modules/main/lib/httprequest.php:387
----------
2018-04-02 22:42:01 - Host:  - FATAL - [ErrorException] E_PARSE
syntax error, unexpected '[' (0)
/home/e/englishfl/office/public_html/bitrix/modules/main/lib/httprequest.php:387
----------
2018-04-02 22:43:01 - Host:  - FATAL - [ErrorException] E_PARSE
syntax error, unexpected '[' (0)
/home/e/englishfl/office/public_html/bitrix/modules/main/lib/httprequest.php:387
----------
2018-04-02 22:44:01 - Host:  - FATAL - [ErrorException] E_PARSE
syntax error, unexpected '[' (0)
/home/e/englishfl/office/public_html/bitrix/modules/main/lib/httprequest.php:387
----------
2018-04-02 22:45:01 - Host:  - FATAL - [ErrorException] E_PARSE
syntax error, unexpected '[' (0)
/home/e/englishfl/office/public_html/bitrix/modules/main/lib/httprequest.php:387
----------
2018-04-02 22:46:01 - Host:  - FATAL - [ErrorException] E_PARSE
syntax error, unexpected '[' (0)
/home/e/englishfl/office/public_html/bitrix/modules/main/lib/httprequest.php:387
----------
2018-04-02 22:47:01 - Host:  - FATAL - [ErrorException] E_PARSE
syntax error, unexpected '[' (0)
/home/e/englishfl/office/public_html/bitrix/modules/main/lib/httprequest.php:387
----------
2018-04-02 22:48:01 - Host:  - FATAL - [ErrorException] E_PARSE
syntax error, unexpected '[' (0)
/home/e/englishfl/office/public_html/bitrix/modules/main/lib/httprequest.php:387
----------
2018-04-02 22:49:01 - Host:  - FATAL - [ErrorException] E_PARSE
syntax error, unexpected '[' (0)
/home/e/englishfl/office/public_html/bitrix/modules/main/lib/httprequest.php:387
----------
2018-04-02 22:50:01 - Host:  - FATAL - [ErrorException] E_PARSE
syntax error, unexpected '[' (0)
/home/e/englishfl/office/public_html/bitrix/modules/main/lib/httprequest.php:387
----------
2018-04-02 22:51:02 - Host:  - FATAL - [ErrorException] E_PARSE
syntax error, unexpected '[' (0)
/home/e/englishfl/office/public_html/bitrix/modules/main/lib/httprequest.php:387
----------
2018-04-02 22:52:01 - Host:  - FATAL - [ErrorException] E_PARSE
syntax error, unexpected '[' (0)
/home/e/englishfl/office/public_html/bitrix/modules/main/lib/httprequest.php:387
----------
2018-04-02 22:53:01 - Host:  - FATAL - [ErrorException] E_PARSE
syntax error, unexpected '[' (0)
/home/e/englishfl/office/public_html/bitrix/modules/main/lib/httprequest.php:387
----------
2018-04-02 22:54:01 - Host:  - FATAL - [ErrorException] E_PARSE
syntax error, unexpected '[' (0)
/home/e/englishfl/office/public_html/bitrix/modules/main/lib/httprequest.php:387
----------
2018-04-02 22:55:01 - Host:  - FATAL - [ErrorException] E_PARSE
syntax error, unexpected '[' (0)
/home/e/englishfl/office/public_html/bitrix/modules/main/lib/httprequest.php:387
----------
2018-04-02 22:56:01 - Host:  - FATAL - [ErrorException] E_PARSE
syntax error, unexpected '[' (0)
/home/e/englishfl/office/public_html/bitrix/modules/main/lib/httprequest.php:387
----------
2018-04-02 22:57:01 - Host:  - FATAL - [ErrorException] E_PARSE
syntax error, unexpected '[' (0)
/home/e/englishfl/office/public_html/bitrix/modules/main/lib/httprequest.php:387
----------
2018-04-02 22:58:01 - Host:  - FATAL - [ErrorException] E_PARSE
syntax error, unexpected '[' (0)
/home/e/englishfl/office/public_html/bitrix/modules/main/lib/httprequest.php:387
----------
2018-04-02 22:59:01 - Host:  - FATAL - [ErrorException] E_PARSE
syntax error, unexpected '[' (0)
/home/e/englishfl/office/public_html/bitrix/modules/main/lib/httprequest.php:387
----------
2018-04-02 23:00:01 - Host:  - FATAL - [ErrorException] E_PARSE
syntax error, unexpected '[' (0)
/home/e/englishfl/office/public_html/bitrix/modules/main/lib/httprequest.php:387
----------
2018-04-02 23:01:01 - Host:  - FATAL - [ErrorException] E_PARSE
syntax error, unexpected '[' (0)
/home/e/englishfl/office/public_html/bitrix/modules/main/lib/httprequest.php:387
----------
2018-04-02 23:02:01 - Host:  - FATAL - [ErrorException] E_PARSE
syntax error, unexpected '[' (0)
/home/e/englishfl/office/public_html/bitrix/modules/main/lib/httprequest.php:387
----------
2018-04-02 23:03:01 - Host:  - FATAL - [ErrorException] E_PARSE
syntax error, unexpected '[' (0)
/home/e/englishfl/office/public_html/bitrix/modules/main/lib/httprequest.php:387
----------
2018-04-02 23:04:01 - Host:  - FATAL - [ErrorException] E_PARSE
syntax error, unexpected '[' (0)
/home/e/englishfl/office/public_html/bitrix/modules/main/lib/httprequest.php:387
----------
2018-04-02 23:05:01 - Host:  - FATAL - [ErrorException] E_PARSE
syntax error, unexpected '[' (0)
/home/e/englishfl/office/public_html/bitrix/modules/main/lib/httprequest.php:387
----------
2018-04-02 23:06:01 - Host:  - FATAL - [ErrorException] E_PARSE
syntax error, unexpected '[' (0)
/home/e/englishfl/office/public_html/bitrix/modules/main/lib/httprequest.php:387
----------
2018-04-02 23:07:01 - Host:  - FATAL - [ErrorException] E_PARSE
syntax error, unexpected '[' (0)
/home/e/englishfl/office/public_html/bitrix/modules/main/lib/httprequest.php:387
----------
2018-04-02 23:08:01 - Host:  - FATAL - [ErrorException] E_PARSE
syntax error, unexpected '[' (0)
/home/e/englishfl/office/public_html/bitrix/modules/main/lib/httprequest.php:387
----------
2018-04-02 23:09:01 - Host:  - FATAL - [ErrorException] E_PARSE
syntax error, unexpected '[' (0)
/home/e/englishfl/office/public_html/bitrix/modules/main/lib/httprequest.php:387
----------
2018-04-02 23:10:01 - Host:  - FATAL - [ErrorException] E_PARSE
syntax error, unexpected '[' (0)
/home/e/englishfl/office/public_html/bitrix/modules/main/lib/httprequest.php:387
----------
2018-04-02 23:11:01 - Host:  - FATAL - [ErrorException] E_PARSE
syntax error, unexpected '[' (0)
/home/e/englishfl/office/public_html/bitrix/modules/main/lib/httprequest.php:387
----------
2018-04-02 23:12:01 - Host:  - FATAL - [ErrorException] E_PARSE
syntax error, unexpected '[' (0)
/home/e/englishfl/office/public_html/bitrix/modules/main/lib/httprequest.php:387
----------
2018-04-02 23:13:01 - Host:  - FATAL - [ErrorException] E_PARSE
syntax error, unexpected '[' (0)
/home/e/englishfl/office/public_html/bitrix/modules/main/lib/httprequest.php:387
----------
2018-04-02 23:14:01 - Host:  - FATAL - [ErrorException] E_PARSE
syntax error, unexpected '[' (0)
/home/e/englishfl/office/public_html/bitrix/modules/main/lib/httprequest.php:387
----------
2018-04-02 23:15:01 - Host:  - FATAL - [ErrorException] E_PARSE
syntax error, unexpected '[' (0)
/home/e/englishfl/office/public_html/bitrix/modules/main/lib/httprequest.php:387
----------
2018-04-02 23:16:01 - Host:  - FATAL - [ErrorException] E_PARSE
syntax error, unexpected '[' (0)
/home/e/englishfl/office/public_html/bitrix/modules/main/lib/httprequest.php:387
----------
2018-04-02 23:17:01 - Host:  - FATAL - [ErrorException] E_PARSE
syntax error, unexpected '[' (0)
/home/e/englishfl/office/public_html/bitrix/modules/main/lib/httprequest.php:387
----------
2018-04-02 23:18:01 - Host:  - FATAL - [ErrorException] E_PARSE
syntax error, unexpected '[' (0)
/home/e/englishfl/office/public_html/bitrix/modules/main/lib/httprequest.php:387
----------
2018-04-02 23:19:01 - Host:  - FATAL - [ErrorException] E_PARSE
syntax error, unexpected '[' (0)
/home/e/englishfl/office/public_html/bitrix/modules/main/lib/httprequest.php:387
----------
2018-04-02 23:20:01 - Host:  - FATAL - [ErrorException] E_PARSE
syntax error, unexpected '[' (0)
/home/e/englishfl/office/public_html/bitrix/modules/main/lib/httprequest.php:387
----------
2018-04-02 23:21:02 - Host:  - FATAL - [ErrorException] E_PARSE
syntax error, unexpected '[' (0)
/home/e/englishfl/office/public_html/bitrix/modules/main/lib/httprequest.php:387
----------
2018-04-02 23:22:01 - Host:  - FATAL - [ErrorException] E_PARSE
syntax error, unexpected '[' (0)
/home/e/englishfl/office/public_html/bitrix/modules/main/lib/httprequest.php:387
----------
2018-04-02 23:23:01 - Host:  - FATAL - [ErrorException] E_PARSE
syntax error, unexpected '[' (0)
/home/e/englishfl/office/public_html/bitrix/modules/main/lib/httprequest.php:387
----------
2018-04-02 23:24:01 - Host:  - FATAL - [ErrorException] E_PARSE
syntax error, unexpected '[' (0)
/home/e/englishfl/office/public_html/bitrix/modules/main/lib/httprequest.php:387
----------
2018-04-02 23:25:01 - Host:  - FATAL - [ErrorException] E_PARSE
syntax error, unexpected '[' (0)
/home/e/englishfl/office/public_html/bitrix/modules/main/lib/httprequest.php:387
----------
2018-04-02 23:26:01 - Host:  - FATAL - [ErrorException] E_PARSE
syntax error, unexpected '[' (0)
/home/e/englishfl/office/public_html/bitrix/modules/main/lib/httprequest.php:387
----------
2018-04-02 23:27:01 - Host:  - FATAL - [ErrorException] E_PARSE
syntax error, unexpected '[' (0)
/home/e/englishfl/office/public_html/bitrix/modules/main/lib/httprequest.php:387
----------
2018-04-02 23:28:01 - Host:  - FATAL - [ErrorException] E_PARSE
syntax error, unexpected '[' (0)
/home/e/englishfl/office/public_html/bitrix/modules/main/lib/httprequest.php:387
----------
2018-04-02 23:29:01 - Host:  - FATAL - [ErrorException] E_PARSE
syntax error, unexpected '[' (0)
/home/e/englishfl/office/public_html/bitrix/modules/main/lib/httprequest.php:387
----------
2018-04-02 23:30:01 - Host:  - FATAL - [ErrorException] E_PARSE
syntax error, unexpected '[' (0)
/home/e/englishfl/office/public_html/bitrix/modules/main/lib/httprequest.php:387
----------
2018-04-02 23:31:01 - Host:  - FATAL - [ErrorException] E_PARSE
syntax error, unexpected '[' (0)
/home/e/englishfl/office/public_html/bitrix/modules/main/lib/httprequest.php:387
----------
2018-04-02 23:32:01 - Host:  - FATAL - [ErrorException] E_PARSE
syntax error, unexpected '[' (0)
/home/e/englishfl/office/public_html/bitrix/modules/main/lib/httprequest.php:387
----------
2018-04-02 23:33:01 - Host:  - FATAL - [ErrorException] E_PARSE
syntax error, unexpected '[' (0)
/home/e/englishfl/office/public_html/bitrix/modules/main/lib/httprequest.php:387
----------
2018-04-02 23:34:01 - Host:  - FATAL - [ErrorException] E_PARSE
syntax error, unexpected '[' (0)
/home/e/englishfl/office/public_html/bitrix/modules/main/lib/httprequest.php:387
----------
2018-04-02 23:35:01 - Host:  - FATAL - [ErrorException] E_PARSE
syntax error, unexpected '[' (0)
/home/e/englishfl/office/public_html/bitrix/modules/main/lib/httprequest.php:387
----------
2018-04-02 23:36:01 - Host:  - FATAL - [ErrorException] E_PARSE
syntax error, unexpected '[' (0)
/home/e/englishfl/office/public_html/bitrix/modules/main/lib/httprequest.php:387
----------
2018-04-02 23:37:01 - Host:  - FATAL - [ErrorException] E_PARSE
syntax error, unexpected '[' (0)
/home/e/englishfl/office/public_html/bitrix/modules/main/lib/httprequest.php:387
----------
2018-04-02 23:38:01 - Host:  - FATAL - [ErrorException] E_PARSE
syntax error, unexpected '[' (0)
/home/e/englishfl/office/public_html/bitrix/modules/main/lib/httprequest.php:387
----------
2018-04-02 23:39:01 - Host:  - FATAL - [ErrorException] E_PARSE
syntax error, unexpected '[' (0)
/home/e/englishfl/office/public_html/bitrix/modules/main/lib/httprequest.php:387
----------
2018-04-02 23:40:01 - Host:  - FATAL - [ErrorException] E_PARSE
syntax error, unexpected '[' (0)
/home/e/englishfl/office/public_html/bitrix/modules/main/lib/httprequest.php:387
----------
2018-04-02 23:41:01 - Host:  - FATAL - [ErrorException] E_PARSE
syntax error, unexpected '[' (0)
/home/e/englishfl/office/public_html/bitrix/modules/main/lib/httprequest.php:387
----------
2018-04-02 23:42:01 - Host:  - FATAL - [ErrorException] E_PARSE
syntax error, unexpected '[' (0)
/home/e/englishfl/office/public_html/bitrix/modules/main/lib/httprequest.php:387
----------
2018-04-02 23:43:01 - Host:  - FATAL - [ErrorException] E_PARSE
syntax error, unexpected '[' (0)
/home/e/englishfl/office/public_html/bitrix/modules/main/lib/httprequest.php:387
----------
2018-04-02 23:44:01 - Host:  - FATAL - [ErrorException] E_PARSE
syntax error, unexpected '[' (0)
/home/e/englishfl/office/public_html/bitrix/modules/main/lib/httprequest.php:387
----------
2018-04-02 23:45:01 - Host:  - FATAL - [ErrorException] E_PARSE
syntax error, unexpected '[' (0)
/home/e/englishfl/office/public_html/bitrix/modules/main/lib/httprequest.php:387
----------
2018-04-02 23:46:01 - Host:  - FATAL - [ErrorException] E_PARSE
syntax error, unexpected '[' (0)
/home/e/englishfl/office/public_html/bitrix/modules/main/lib/httprequest.php:387
----------
2018-04-02 23:47:01 - Host:  - FATAL - [ErrorException] E_PARSE
syntax error, unexpected '[' (0)
/home/e/englishfl/office/public_html/bitrix/modules/main/lib/httprequest.php:387
----------
2018-04-02 23:48:01 - Host:  - FATAL - [ErrorException] E_PARSE
syntax error, unexpected '[' (0)
/home/e/englishfl/office/public_html/bitrix/modules/main/lib/httprequest.php:387
----------
2018-04-02 23:49:01 - Host:  - FATAL - [ErrorException] E_PARSE
syntax error, unexpected '[' (0)
/home/e/englishfl/office/public_html/bitrix/modules/main/lib/httprequest.php:387
----------
2018-04-02 23:50:01 - Host:  - FATAL - [ErrorException] E_PARSE
syntax error, unexpected '[' (0)
/home/e/englishfl/office/public_html/bitrix/modules/main/lib/httprequest.php:387
----------
2018-04-02 23:51:01 - Host:  - FATAL - [ErrorException] E_PARSE
syntax error, unexpected '[' (0)
/home/e/englishfl/office/public_html/bitrix/modules/main/lib/httprequest.php:387
----------
2018-04-02 23:52:01 - Host:  - FATAL - [ErrorException] E_PARSE
syntax error, unexpected '[' (0)
/home/e/englishfl/office/public_html/bitrix/modules/main/lib/httprequest.php:387
----------
2018-04-02 23:53:01 - Host:  - FATAL - [ErrorException] E_PARSE
syntax error, unexpected '[' (0)
/home/e/englishfl/office/public_html/bitrix/modules/main/lib/httprequest.php:387
----------
2018-04-02 23:54:01 - Host:  - FATAL - [ErrorException] E_PARSE
syntax error, unexpected '[' (0)
/home/e/englishfl/office/public_html/bitrix/modules/main/lib/httprequest.php:387
----------
2018-04-02 23:55:01 - Host:  - FATAL - [ErrorException] E_PARSE
syntax error, unexpected '[' (0)
/home/e/englishfl/office/public_html/bitrix/modules/main/lib/httprequest.php:387
----------
2018-04-02 23:56:01 - Host:  - FATAL - [ErrorException] E_PARSE
syntax error, unexpected '[' (0)
/home/e/englishfl/office/public_html/bitrix/modules/main/lib/httprequest.php:387
----------
2018-04-02 23:57:01 - Host:  - FATAL - [ErrorException] E_PARSE
syntax error, unexpected '[' (0)
/home/e/englishfl/office/public_html/bitrix/modules/main/lib/httprequest.php:387
----------
2018-04-02 23:58:01 - Host:  - FATAL - [ErrorException] E_PARSE
syntax error, unexpected '[' (0)
/home/e/englishfl/office/public_html/bitrix/modules/main/lib/httprequest.php:387
----------
2018-04-02 23:59:01 - Host:  - FATAL - [ErrorException] E_PARSE
syntax error, unexpected '[' (0)
/home/e/englishfl/office/public_html/bitrix/modules/main/lib/httprequest.php:387
----------
2018-04-03 00:00:01 - Host:  - FATAL - [ErrorException] E_PARSE
syntax error, unexpected '[' (0)
/home/e/englishfl/office/public_html/bitrix/modules/main/lib/httprequest.php:387
----------
2018-04-03 00:01:01 - Host:  - FATAL - [ErrorException] E_PARSE
syntax error, unexpected '[' (0)
/home/e/englishfl/office/public_html/bitrix/modules/main/lib/httprequest.php:387
----------
2018-04-03 00:02:01 - Host:  - FATAL - [ErrorException] E_PARSE
syntax error, unexpected '[' (0)
/home/e/englishfl/office/public_html/bitrix/modules/main/lib/httprequest.php:387
----------
2018-04-03 00:03:01 - Host:  - FATAL - [ErrorException] E_PARSE
syntax error, unexpected '[' (0)
/home/e/englishfl/office/public_html/bitrix/modules/main/lib/httprequest.php:387
----------
2018-04-03 00:04:01 - Host:  - FATAL - [ErrorException] E_PARSE
syntax error, unexpected '[' (0)
/home/e/englishfl/office/public_html/bitrix/modules/main/lib/httprequest.php:387
----------
2018-04-03 00:05:01 - Host:  - FATAL - [ErrorException] E_PARSE
syntax error, unexpected '[' (0)
/home/e/englishfl/office/public_html/bitrix/modules/main/lib/httprequest.php:387
----------
2018-04-03 00:06:01 - Host:  - FATAL - [ErrorException] E_PARSE
syntax error, unexpected '[' (0)
/home/e/englishfl/office/public_html/bitrix/modules/main/lib/httprequest.php:387
----------
2018-04-03 00:07:01 - Host:  - FATAL - [ErrorException] E_PARSE
syntax error, unexpected '[' (0)
/home/e/englishfl/office/public_html/bitrix/modules/main/lib/httprequest.php:387
----------
2018-04-03 00:08:01 - Host:  - FATAL - [ErrorException] E_PARSE
syntax error, unexpected '[' (0)
/home/e/englishfl/office/public_html/bitrix/modules/main/lib/httprequest.php:387
----------
2018-04-03 00:09:01 - Host:  - FATAL - [ErrorException] E_PARSE
syntax error, unexpected '[' (0)
/home/e/englishfl/office/public_html/bitrix/modules/main/lib/httprequest.php:387
----------
2018-04-03 00:10:01 - Host:  - FATAL - [ErrorException] E_PARSE
syntax error, unexpected '[' (0)
/home/e/englishfl/office/public_html/bitrix/modules/main/lib/httprequest.php:387
----------
2018-04-03 00:11:01 - Host:  - FATAL - [ErrorException] E_PARSE
syntax error, unexpected '[' (0)
/home/e/englishfl/office/public_html/bitrix/modules/main/lib/httprequest.php:387
----------
2018-04-03 00:12:01 - Host:  - FATAL - [ErrorException] E_PARSE
syntax error, unexpected '[' (0)
/home/e/englishfl/office/public_html/bitrix/modules/main/lib/httprequest.php:387
----------
2018-04-03 00:13:01 - Host:  - FATAL - [ErrorException] E_PARSE
syntax error, unexpected '[' (0)
/home/e/englishfl/office/public_html/bitrix/modules/main/lib/httprequest.php:387
----------
2018-04-03 00:14:01 - Host:  - FATAL - [ErrorException] E_PARSE
syntax error, unexpected '[' (0)
/home/e/englishfl/office/public_html/bitrix/modules/main/lib/httprequest.php:387
----------
2018-04-03 00:15:01 - Host:  - FATAL - [ErrorException] E_PARSE
syntax error, unexpected '[' (0)
/home/e/englishfl/office/public_html/bitrix/modules/main/lib/httprequest.php:387
----------
2018-04-03 00:16:01 - Host:  - FATAL - [ErrorException] E_PARSE
syntax error, unexpected '[' (0)
/home/e/englishfl/office/public_html/bitrix/modules/main/lib/httprequest.php:387
----------
2018-04-03 00:17:01 - Host:  - FATAL - [ErrorException] E_PARSE
syntax error, unexpected '[' (0)
/home/e/englishfl/office/public_html/bitrix/modules/main/lib/httprequest.php:387
----------
2018-04-03 00:18:01 - Host:  - FATAL - [ErrorException] E_PARSE
syntax error, unexpected '[' (0)
/home/e/englishfl/office/public_html/bitrix/modules/main/lib/httprequest.php:387
----------
2018-04-03 00:19:01 - Host:  - FATAL - [ErrorException] E_PARSE
syntax error, unexpected '[' (0)
/home/e/englishfl/office/public_html/bitrix/modules/main/lib/httprequest.php:387
----------
2018-04-03 00:20:01 - Host:  - FATAL - [ErrorException] E_PARSE
syntax error, unexpected '[' (0)
/home/e/englishfl/office/public_html/bitrix/modules/main/lib/httprequest.php:387
----------
2018-04-03 00:21:01 - Host:  - FATAL - [ErrorException] E_PARSE
syntax error, unexpected '[' (0)
/home/e/englishfl/office/public_html/bitrix/modules/main/lib/httprequest.php:387
----------
2018-04-03 00:22:01 - Host:  - FATAL - [ErrorException] E_PARSE
syntax error, unexpected '[' (0)
/home/e/englishfl/office/public_html/bitrix/modules/main/lib/httprequest.php:387
----------
2018-04-03 00:23:01 - Host:  - FATAL - [ErrorException] E_PARSE
syntax error, unexpected '[' (0)
/home/e/englishfl/office/public_html/bitrix/modules/main/lib/httprequest.php:387
----------
2018-04-03 00:24:01 - Host:  - FATAL - [ErrorException] E_PARSE
syntax error, unexpected '[' (0)
/home/e/englishfl/office/public_html/bitrix/modules/main/lib/httprequest.php:387
----------
2018-04-03 00:25:01 - Host:  - FATAL - [ErrorException] E_PARSE
syntax error, unexpected '[' (0)
/home/e/englishfl/office/public_html/bitrix/modules/main/lib/httprequest.php:387
----------
2018-04-03 00:26:01 - Host:  - FATAL - [ErrorException] E_PARSE
syntax error, unexpected '[' (0)
/home/e/englishfl/office/public_html/bitrix/modules/main/lib/httprequest.php:387
----------
2018-04-03 00:27:01 - Host:  - FATAL - [ErrorException] E_PARSE
syntax error, unexpected '[' (0)
/home/e/englishfl/office/public_html/bitrix/modules/main/lib/httprequest.php:387
----------
2018-04-03 00:28:01 - Host:  - FATAL - [ErrorException] E_PARSE
syntax error, unexpected '[' (0)
/home/e/englishfl/office/public_html/bitrix/modules/main/lib/httprequest.php:387
----------
2018-04-03 00:29:01 - Host:  - FATAL - [ErrorException] E_PARSE
syntax error, unexpected '[' (0)
/home/e/englishfl/office/public_html/bitrix/modules/main/lib/httprequest.php:387
----------
2018-04-03 00:30:01 - Host:  - FATAL - [ErrorException] E_PARSE
syntax error, unexpected '[' (0)
/home/e/englishfl/office/public_html/bitrix/modules/main/lib/httprequest.php:387
----------
